-------------------------------------------------------------------------------
Test set: autotests.test.RunCukesTest
-------------------------------------------------------------------------------
Tests run: 1, Failures: 0, Errors: 1, Skipped: 0, Time elapsed: 0.015 sec <<< FAILURE! - in autotests.test.RunCukesTest
autotests.test.RunCukesTest  Time elapsed: 0 sec  <<< ERROR!
java.lang.NoClassDefFoundError: Could not initialize class autotests.test.testrail.TestRailIntegrationClient
	at autotests.test.RunCukesTest.afterAll(RunCukesTest.java:22)

