<?xml version="1.0" encoding="UTF-8"?>
<testsuite name="autotests.test.RunCukesTest" time="0" tests="1" errors="1" skipped="0" failures="0">
  <properties>
[...]
</properties>
  <testcase name="autotests.test.RunCukesTest" classname="autotests.test.RunCukesTest" time="0">
    <error message="Could not initialize class autotests.test.testrail.TestRailIntegrationClient" type="java.lang.NoClassDefFoundError">java.lang.NoClassDefFoundError: Could not initialize class autotests.test.testrail.TestRailIntegrationClient
	at autotests.test.RunCukesTest.afterAll(RunCukesTest.java:22)
</error>
    <system-out><![CDATA[&amp#27;[31mFailure in after hook:&amp#27;[0m&amp#27;[31mHooks.afterFailedScenario(Scenario)&amp#27;[0m
&amp#27;[31mMessage: &amp#27;[0m&amp#27;[31mjava.lang.NoClassDefFoundError: Could not initialize class autotests.test.testrail.TestRailIntegrationClient
	at autotests.test.step_definitions.Hooks.afterFailedScenario(Hooks.java:124)
	at sun.reflect.NativeMethodAccessorImpl.invoke0(Native Method)
	at sun.reflect.NativeMethodAccessorImpl.invoke(NativeMethodAccessorImpl.java:62)
	at sun.reflect.DelegatingMethodAccessorImpl.invoke(DelegatingMethodAccessorImpl.java:43)
	at java.lang.reflect.Method.invoke(Method.java:498)
	at cucumber.runtime.Utils$1.call(Utils.java:34)
	at cucumber.runtime.Timeout.timeout(Timeout.java:13)
	at cucumber.runtime.Utils.invoke(Utils.java:30)
	at cucumber.runtime.java.JavaHookDefinition.execute(JavaHookDefinition.java:59)
	at cucumber.runtime.Runtime.runHookIfTagsMatch(Runtime.java:222)
	at cucumber.runtime.Runtime.runHooks(Runtime.java:210)
	at cucumber.runtime.Runtime.runAfterHooks(Runtime.java:204)
	at cucumber.runtime.model.CucumberScenario.run(CucumberScenario.java:50)
	at cucumber.runtime.junit.ExecutionUnitRunner.run(ExecutionUnitRunner.java:91)
	at cucumber.runtime.junit.FeatureRunner.runChild(FeatureRunner.java:63)
	at cucumber.runtime.junit.FeatureRunner.runChild(FeatureRunner.java:18)
	at org.junit.runners.ParentRunner$3.run(ParentRunner.java:238)
	at org.junit.runners.ParentRunner$1.schedule(ParentRunner.java:63)
	at org.junit.runners.ParentRunner.runChildren(ParentRunner.java:236)
	at org.junit.runners.ParentRunner.access$000(ParentRunner.java:53)
	at org.junit.runners.ParentRunner$2.evaluate(ParentRunner.java:229)
	at org.junit.runners.ParentRunner.run(ParentRunner.java:309)
	at cucumber.runtime.junit.FeatureRunner.run(FeatureRunner.java:70)
	at cucumber.api.junit.Cucumber.runChild(Cucumber.java:93)
	at cucumber.api.junit.Cucumber.runChild(Cucumber.java:37)
	at org.junit.runners.ParentRunner$3.run(ParentRunner.java:238)
	at org.junit.runners.ParentRunner$1.schedule(ParentRunner.java:63)
	at org.junit.runners.ParentRunner.runChildren(ParentRunner.java:236)
	at org.junit.runners.ParentRunner.access$000(ParentRunner.java:53)
	at org.junit.runners.ParentRunner$2.evaluate(ParentRunner.java:229)
	at org.junit.internal.runners.statements.RunAfters.evaluate(RunAfters.java:27)
	at org.junit.runners.ParentRunner.run(ParentRunner.java:309)
	at cucumber.api.junit.Cucumber.run(Cucumber.java:98)
	at org.junit.runners.Suite.runChild(Suite.java:127)
	at org.junit.runners.Suite.runChild(Suite.java:26)
	at org.junit.runners.ParentRunner$3.run(ParentRunner.java:238)
	at org.junit.runners.ParentRunner$1.schedule(ParentRunner.java:63)
	at org.junit.runners.ParentRunner.runChildren(ParentRunner.java:236)
	at org.junit.runners.ParentRunner.access$000(ParentRunner.java:53)
	at org.junit.runners.ParentRunner$2.evaluate(ParentRunner.java:229)
	at org.junit.runners.ParentRunner.run(ParentRunner.java:309)
	at org.junit.runner.JUnitCore.run(JUnitCore.java:160)
	at org.junit.runner.JUnitCore.run(JUnitCore.java:138)
	at org.apache.maven.surefire.junitcore.JUnitCoreWrapper.createRequestAndRun(JUnitCoreWrapper.java:107)
	at org.apache.maven.surefire.junitcore.JUnitCoreWrapper.executeEager(JUnitCoreWrapper.java:77)
	at org.apache.maven.surefire.junitcore.JUnitCoreWrapper.execute(JUnitCoreWrapper.java:53)
	at org.apache.maven.surefire.junitcore.JUnitCoreProvider.invoke(JUnitCoreProvider.java:144)
	at org.apache.maven.surefire.booter.ForkedBooter.invokeProviderInSameClassLoader(ForkedBooter.java:203)
	at org.apache.maven.surefire.booter.ForkedBooter.runSuitesInProcess(ForkedBooter.java:155)
	at org.apache.maven.surefire.booter.ForkedBooter.main(ForkedBooter.java:103)
&amp#27;[0m
      &amp#27;[31mjava.lang.NoClassDefFoundError: Could not initialize class autotests.test.testrail.TestRailIntegrationClient
      	at autotests.test.step_definitions.Hooks.afterFailedScenario(Hooks.java:124)
      	at sun.reflect.NativeMethodAccessorImpl.invoke0(Native Method)
      	at sun.reflect.NativeMethodAccessorImpl.invoke(NativeMethodAccessorImpl.java:62)
      	at sun.reflect.DelegatingMethodAccessorImpl.invoke(DelegatingMethodAccessorImpl.java:43)
      	at java.lang.reflect.Method.invoke(Method.java:498)
      	at cucumber.runtime.Utils$1.call(Utils.java:34)
      	at cucumber.runtime.Timeout.timeout(Timeout.java:13)
      	at cucumber.runtime.Utils.invoke(Utils.java:30)
      	at cucumber.runtime.java.JavaHookDefinition.execute(JavaHookDefinition.java:59)
      	at cucumber.runtime.Runtime.runHookIfTagsMatch(Runtime.java:222)
      	at cucumber.runtime.Runtime.runHooks(Runtime.java:210)
      	at cucumber.runtime.Runtime.runAfterHooks(Runtime.java:204)
      	at cucumber.runtime.model.CucumberScenario.run(CucumberScenario.java:50)
      	at cucumber.runtime.junit.ExecutionUnitRunner.run(ExecutionUnitRunner.java:91)
      	at cucumber.runtime.junit.FeatureRunner.runChild(FeatureRunner.java:63)
      	at cucumber.runtime.junit.FeatureRunner.runChild(FeatureRunner.java:18)
      	at org.junit.runners.ParentRunner$3.run(ParentRunner.java:238)
      	at org.junit.runners.ParentRunner$1.schedule(ParentRunner.java:63)
      	at org.junit.runners.ParentRunner.runChildren(ParentRunner.java:236)
      	at org.junit.runners.ParentRunner.access$000(ParentRunner.java:53)
      	at org.junit.runners.ParentRunner$2.evaluate(ParentRunner.java:229)
      	at org.junit.runners.ParentRunner.run(ParentRunner.java:309)
      	at cucumber.runtime.junit.FeatureRunner.run(FeatureRunner.java:70)
      	at cucumber.api.junit.Cucumber.runChild(Cucumber.java:93)
      	at cucumber.api.junit.Cucumber.runChild(Cucumber.java:37)
      	at org.junit.runners.ParentRunner$3.run(ParentRunner.java:238)
      	at org.junit.runners.ParentRunner$1.schedule(ParentRunner.java:63)
      	at org.junit.runners.ParentRunner.runChildren(ParentRunner.java:236)
      	at org.junit.runners.ParentRunner.access$000(ParentRunner.java:53)
      	at org.junit.runners.ParentRunner$2.evaluate(ParentRunner.java:229)
      	at org.junit.internal.runners.statements.RunAfters.evaluate(RunAfters.java:27)
      	at org.junit.runners.ParentRunner.run(ParentRunner.java:309)
      	at cucumber.api.junit.Cucumber.run(Cucumber.java:98)
      	at org.junit.runners.Suite.runChild(Suite.java:127)
      	at org.junit.runners.Suite.runChild(Suite.java:26)
      	at org.junit.runners.ParentRunner$3.run(ParentRunner.java:238)
      	at org.junit.runners.ParentRunner$1.schedule(ParentRunner.java:63)
      	at org.junit.runners.ParentRunner.runChildren(ParentRunner.java:236)
      	at org.junit.runners.ParentRunner.access$000(ParentRunner.java:53)
      	at org.junit.runners.ParentRunner$2.evaluate(ParentRunner.java:229)
      	at org.junit.runners.ParentRunner.run(ParentRunner.java:309)
      	at org.junit.runner.JUnitCore.run(JUnitCore.java:160)
      	at org.junit.runner.JUnitCore.run(JUnitCore.java:138)
      	at org.apache.maven.surefire.junitcore.JUnitCoreWrapper.createRequestAndRun(JUnitCoreWrapper.java:107)
      	at org.apache.maven.surefire.junitcore.JUnitCoreWrapper.executeEager(JUnitCoreWrapper.java:77)
      	at org.apache.maven.surefire.junitcore.JUnitCoreWrapper.execute(JUnitCoreWrapper.java:53)
      	at org.apache.maven.surefire.junitcore.JUnitCoreProvider.invoke(JUnitCoreProvider.java:144)
      	at org.apache.maven.surefire.booter.ForkedBooter.invokeProviderInSameClassLoader(ForkedBooter.java:203)
      	at org.apache.maven.surefire.booter.ForkedBooter.runSuitesInProcess(ForkedBooter.java:155)
      	at org.apache.maven.surefire.booter.ForkedBooter.main(ForkedBooter.java:103)
      &amp#27;[0m

  Scenario: Check the landing page of google                                    &amp#27;[90m# features/test/test.feature:3&amp#27;[0m
    &amp#27;[32mGiven &amp#27;[0m&amp#27;[32mI add the test case IDs to the shared storage for test rail reporting&amp#27;[0m &amp#27;[90m# CommonSteps.i_add_the_test_case_IDs_to_the_shared_storage_for_test_rail_reporting(DataTable)&amp#27;[0m
    &amp#27;[32mWhen &amp#27;[0m&amp#27;[32mI navigate to the google landing page&amp#27;[0m                                  &amp#27;[90m# TestStepDefinition.i_navigate_to_the_google_landing_page(DataTable)&amp#27;[0m
    &amp#27;[32mAnd &amp#27;[0m&amp#27;[32mI enter text "&amp#27;[0m&amp#27;[32m&amp#27;[1mTest works !&amp#27;[0m&amp#27;[32m" to search&amp#27;[0m                                   &amp#27;[90m# TestStepDefinition.i_enter_text_to_search(String)&amp#27;[0m
Finishing test run.
]]></system-out>
  </testcase>
</testsuite>